[06Aug2024 12:24:10.087] [main/INFO] [cpw.mods.modlauncher.Launcher/MODLAUNCHER]: ModLauncher running: args [--launchTarget, forgeclientuserdev, --version, MOD_DEV, --assetIndex, 5, --assetsDir, C:\Users\Igneo\.gradle\caches\forge_gradle\assets, --gameDir, ., --fml.forgeVersion, 47.2.30, --fml.mcVersion, 1.20.1, --fml.forgeGroup, net.minecraftforge, --fml.mcpVersion, 20230612.114412, --mixin.config, mixins.icv.json]
[06Aug2024 12:24:10.091] [main/INFO] [cpw.mods.modlauncher.Launcher/MODLAUNCHER]: ModLauncher 10.0.9+10.0.9+main.dcd20f30 starting: java version 17.0.8 by Eclipse Adoptium; OS Windows 10 arch amd64 version 10.0
[06Aug2024 12:24:10.212] [main/INFO] [net.minecraftforge.fml.loading.ImmediateWindowHandler/]: Loading ImmediateWindowProvider fmlearlywindow
[06Aug2024 12:24:10.320] [main/INFO] [EARLYDISPLAY/]: Trying GL version 4.6
[06Aug2024 12:24:10.435] [main/INFO] [EARLYDISPLAY/]: Requested GL version 4.6 got version 4.6
[06Aug2024 12:24:10.550] [main/INFO] [mixin/]: SpongePowered MIXIN Subsystem Version=0.8.5 Source=union:/C:/Users/Igneo/.gradle/caches/modules-2/files-2.1/org.spongepowered/mixin/0.8.5/9d1c0c3a304ae6697ecd477218fa61b850bf57fc/mixin-0.8.5.jar%23128!/ Service=ModLauncher Env=CLIENT
[06Aug2024 12:24:10.552] [pool-2-thread-1/INFO] [EARLYDISPLAY/]: GL info: Intel(R) UHD Graphics GL version 4.6.0 - Build 27.20.100.9365, Intel
[06Aug2024 12:24:10.938] [main/WARN] [net.minecraftforge.fml.loading.moddiscovery.ModFileParser/LOADING]: Mod file C:\Users\Igneo\.gradle\caches\modules-2\files-2.1\net.minecraftforge\javafmllanguage\1.20.1-47.2.30\306080746b55301f533d17a1f75c0416bfa6425d\javafmllanguage-1.20.1-47.2.30.jar is missing mods.toml file
[06Aug2024 12:24:10.941] [main/WARN] [net.minecraftforge.fml.loading.moddiscovery.ModFileParser/LOADING]: Mod file C:\Users\Igneo\.gradle\caches\modules-2\files-2.1\net.minecraftforge\lowcodelanguage\1.20.1-47.2.30\ed4251688f57da24ffceb91f85693e28171bc4de\lowcodelanguage-1.20.1-47.2.30.jar is missing mods.toml file
[06Aug2024 12:24:10.943] [main/WARN] [net.minecraftforge.fml.loading.moddiscovery.ModFileParser/LOADING]: Mod file C:\Users\Igneo\.gradle\caches\modules-2\files-2.1\net.minecraftforge\mclanguage\1.20.1-47.2.30\66fae321e7c1e488bb0a63661153f415efa06665\mclanguage-1.20.1-47.2.30.jar is missing mods.toml file
[06Aug2024 12:24:10.946] [main/WARN] [net.minecraftforge.fml.loading.moddiscovery.ModFileParser/LOADING]: Mod file C:\Users\Igneo\.gradle\caches\modules-2\files-2.1\net.minecraftforge\fmlcore\1.20.1-47.2.30\34b7d69dcc2b769d597be488ba457877f9d57cd9\fmlcore-1.20.1-47.2.30.jar is missing mods.toml file
[06Aug2024 12:24:11.022] [main/INFO] [net.minecraftforge.fml.loading.moddiscovery.JarInJarDependencyLocator/]: No dependencies to load found. Skipping!
[06Aug2024 12:24:12.337] [main/INFO] [mixin/]: Compatibility level JAVA_8 specified by mixins.icv.json is lower than the default level supported by the current mixin service (JAVA_16).
[06Aug2024 12:24:12.344] [main/INFO] [cpw.mods.modlauncher.LaunchServiceHandler/MODLAUNCHER]: Launching target 'forgeclientuserdev' with arguments [--version, MOD_DEV, --gameDir, ., --assetsDir, C:\Users\Igneo\.gradle\caches\forge_gradle\assets, --assetIndex, 5]
[06Aug2024 12:24:12.405] [main/INFO] [mixin/]: Attempting to load Fernflower decompiler (Threaded mode)
[06Aug2024 12:24:12.407] [main/INFO] [mixin/]: Fernflower could not be loaded, exported classes will not be decompiled. NoClassDefFoundError: org/jetbrains/java/decompiler/main/extern/IResultSaver
[06Aug2024 12:24:12.413] [main/INFO] [mixin/]: Preparing mixins for MixinEnvironment[DEFAULT]
[06Aug2024 12:24:12.413] [main/INFO] [mixin/]: Selecting config mixins.icv.json
[06Aug2024 12:24:12.419] [main/WARN] [mixin/]: Reference map 'mixins.icv.refmap.json' for mixins.icv.json could not be read. If this is a development environment you can ignore this message
[06Aug2024 12:24:12.421] [main/INFO] [mixin/]: Preparing mixins.icv.json (13)
[06Aug2024 12:24:12.980] [main/INFO] [mixin/]: Prepared 13 mixins in 0.567 sec (43.6ms avg) (0ms load, 0ms transform, 0ms plugin)
